  Labyrinth.cpp
C:\Users\Admin\source\repos\UsoguiLabyrinth\UsoguiLabyrinth\Labyrinth.cpp(40,1): warning C4067: unexpected tokens following preprocessor directive - expected a newline
C:\Users\Admin\source\repos\UsoguiLabyrinth\UsoguiLabyrinth\Labyrinth.cpp(48,1): warning C4067: unexpected tokens following preprocessor directive - expected a newline
C:\Users\Admin\source\repos\UsoguiLabyrinth\UsoguiLabyrinth\Labyrinth.cpp(52,1): warning C4067: unexpected tokens following preprocessor directive - expected a newline
C:\Users\Admin\source\repos\UsoguiLabyrinth\UsoguiLabyrinth\Labyrinth.cpp(230,8): warning C4244: 'argument': conversion from '_Rep' to 'unsigned int', possible loss of data
          with
          [
              _Rep=__int64
          ]
  Mode1.cpp
C:\Users\Admin\source\repos\UsoguiLabyrinth\UsoguiLabyrinth\Mode1.cpp(14,1): warning C4067: unexpected tokens following preprocessor directive - expected a newline
C:\Users\Admin\source\repos\UsoguiLabyrinth\UsoguiLabyrinth\Mode1.cpp(62,7): warning C4101: 'c2': unreferenced local variable
C:\Users\Admin\source\repos\UsoguiLabyrinth\UsoguiLabyrinth\Mode1.cpp(100,20): warning C4018: '<': signed/unsigned mismatch
C:\Users\Admin\source\repos\UsoguiLabyrinth\UsoguiLabyrinth\Mode1.cpp(88,7): warning C4101: 'c': unreferenced local variable
  Generating code
  4 of 655 functions ( 0.6%) were compiled, the rest were copied from previous compilation.
    1 functions were new in current compilation
    30 functions had inline decision re-evaluated but remain unchanged
  Finished generating code
  UsoguiLabyrinth.vcxproj -> C:\Users\Admin\source\repos\UsoguiLabyrinth\Release\UsoguiLabyrinth.exe
