#
# A fatal error has been detected by the Java Runtime Environment:
#
#  EXCEPTION_ACCESS_VIOLATION (0xc0000005) at pc=0x000007fee6c7b796, pid=7304, tid=9444
#
# JRE version: OpenJDK Runtime Environment Temurin-17.0.5+8 (17.0.5+8) (build 17.0.5+8)
# Java VM: OpenJDK 64-Bit Server VM Temurin-17.0.5+8 (17.0.5+8, mixed mode, tiered, compressed oops, compressed class ptrs, g1 gc, windows-amd64)
# Problematic frame:
# C  [glass.dll+0x1b796]
#
# No core dump will be written. Minidumps are not enabled by default on client versions of Windows
#
# If you would like to submit a bug report, please visit:
#   https://github.com/adoptium/adoptium-support/issues
# The crash happened outside the Java Virtual Machine in native code.
# See problematic frame for where to report the bug.
#

---------------  S U M M A R Y ------------

Command Line: --module-path=C:\Users\Admin\source\repos\The Great Escape\javafx-sdk-20.0.1\lib --add-modules=javafx.controls,javafx.fxml -Dprism.order=sw -Dfile.encoding=UTF-8 -XX:+ShowCodeDetailsInExceptionMessages Main

Host: Intel(R) Core(TM) i3-3240 CPU @ 3.40GHz, 4 cores, 11G,  Windows 7 , 64 bit Build 7601 (6.1.7601.24545)
Time: Sat Jun 10 14:05:03 2023 Θερινή ώρα GTB elapsed time: 8.760030 seconds (0d 0h 0m 8s)

---------------  T H R E A D  ---------------

Current thread (0x0000000021786430):  JavaThread "JavaFX Application Thread" [_thread_in_native, id=9444, stack(0x00000000240e0000,0x00000000241e0000)]

Stack: [0x00000000240e0000,0x00000000241e0000],  sp=0x00000000241daa20,  free space=1002k
Native frames: (J=compiled Java code, j=interpreted, Vv=VM code, C=native code)
C  [glass.dll+0x1b796]

Java frames: (J=compiled Java code, j=interpreted, Vv=VM code)
j  com.sun.glass.ui.win.WinWindow._close(J)Z+0 javafx.graphics@20.0.1
j  com.sun.glass.ui.Window.close()V+63 javafx.graphics@20.0.1
j  com.sun.glass.ui.win.WinWindow.close()V+8 javafx.graphics@20.0.1
j  com.sun.glass.ui.Application.terminate()V+75 javafx.graphics@20.0.1
j  com.sun.javafx.tk.quantum.QuantumToolkit.lambda$exit$14()Ljava/lang/Object;+5 javafx.graphics@20.0.1
j  com.sun.javafx.tk.quantum.QuantumToolkit$$Lambda$478+0x0000000800318a58.get()Ljava/lang/Object;+0 javafx.graphics@20.0.1
j  com.sun.javafx.tk.quantum.QuantumToolkit.runWithRenderLock(Ljava/util/function/Supplier;)Ljava/lang/Object;+7 javafx.graphics@20.0.1
j  com.sun.javafx.tk.quantum.QuantumToolkit.exit()V+26 javafx.graphics@20.0.1
j  com.sun.javafx.application.PlatformImpl.lambda$tkExit$16()V+3 javafx.graphics@20.0.1
j  com.sun.javafx.application.PlatformImpl$$Lambda$477+0x0000000800318840.run()V+0 javafx.graphics@20.0.1
j  com.sun.javafx.application.PlatformImpl.lambda$runAndWait$12(Ljava/lang/Runnable;Ljava/util/concurrent/CountDownLatch;)V+1 javafx.graphics@20.0.1
j  com.sun.javafx.application.PlatformImpl$$Lambda$95+0x00000008000f7c20.run()V+8 javafx.graphics@20.0.1
j  com.sun.javafx.application.PlatformImpl.lambda$runLater$10(Ljava/lang/Runnable;)Ljava/lang/Void;+1 javafx.graphics@20.0.1
j  com.sun.javafx.application.PlatformImpl$$Lambda$97+0x00000008000fc450.run()Ljava/lang/Object;+4 javafx.graphics@20.0.1
J 1855 c1 java.security.AccessController.doPrivileged(Ljava/security/PrivilegedAction;Ljava/security/AccessControlContext;)Ljava/lang/Object; java.base@17.0.5 (17 bytes) @ 0x000000000682545c [0x0000000006825280+0x00000000000001dc]
j  com.sun.javafx.application.PlatformImpl.lambda$runLater$11(Ljava/lang/Runnable;Ljava/security/AccessControlContext;)V+7 javafx.graphics@20.0.1
j  com.sun.javafx.application.PlatformImpl$$Lambda$96+0x00000008000fc000.run()V+8 javafx.graphics@20.0.1
j  com.sun.glass.ui.InvokeLaterDispatcher$Future.run()V+4 javafx.graphics@20.0.1
v  ~StubRoutines::call_stub
j  com.sun.glass.ui.win.WinApplication._enterNestedEventLoopImpl()Ljava/lang/Object;+0 javafx.graphics@20.0.1
j  com.sun.glass.ui.win.WinApplication._enterNestedEventLoop()Ljava/lang/Object;+15 javafx.graphics@20.0.1
j  com.sun.glass.ui.Application.enterNestedEventLoop()Ljava/lang/Object;+14 javafx.graphics@20.0.1
j  com.sun.glass.ui.EventLoop.enter()Ljava/lang/Object;+42 javafx.graphics@20.0.1
j  com.sun.javafx.tk.quantum.QuantumToolkit.enterNestedEventLoop(Ljava/lang/Object;)Ljava/lang/Object;+98 javafx.graphics@20.0.1
j  javafx.stage.Stage.showAndWait()V+93 javafx.graphics@20.0.1
j  QuestionScreen.Ask(Ljava/lang/String;Ljavafx/stage/Stage;Ljavafx/beans/property/StringProperty;)V+125
j  Main.AskUser(Ljavafx/stage/Stage;Ljava/lang/String;)Ljava/lang/String;+28
j  Mode1Player.Ask()V+55
j  Mode1.Setup()V+93
j  Mode1.Play()V+1
j  Main.lambda$0(LMode;)Ljava/lang/String;+1
j  Main$$Lambda$301+0x00000008002994d0.get()Ljava/lang/Object;+4
j  MainMenuScreen.option1(Ljavafx/event/ActionEvent;)V+15
v  ~StubRoutines::call_stub
j  jdk.internal.reflect.NativeMethodAccessorImpl.invoke0(Ljava/lang/reflect/Method;Ljava/lang/Object;[Ljava/lang/Object;)Ljava/lang/Object;+0 java.base@17.0.5
j  jdk.internal.reflect.NativeMethodAccessorImpl.invoke(Ljava/lang/Object;[Ljava/lang/Object;)Ljava/lang/Object;+133 java.base@17.0.5
J 1207 c1 jdk.internal.reflect.DelegatingMethodAccessorImpl.invoke(Ljava/lang/Object;[Ljava/lang/Object;)Ljava/lang/Object; java.base@17.0.5 (10 bytes) @ 0x000000000670914c [0x0000000006709040+0x000000000000010c]
J 1206 c1 java.lang.reflect.Method.invoke(Ljava/lang/Object;[Ljava/lang/Object;)Ljava/lang/Object; java.base@17.0.5 (65 bytes) @ 0x0000000006708bc4 [0x0000000006708880+0x0000000000000344]
j  com.sun.javafx.reflect.Trampoline.invoke(Ljava/lang/reflect/Method;Ljava/lang/Object;[Ljava/lang/Object;)Ljava/lang/Object;+7
j  jdk.internal.reflect.GeneratedMethodAccessor2.invoke(Ljava/lang/Object;[Ljava/lang/Object;)Ljava/lang/Object;+40
J 1207 c1 jdk.internal.reflect.DelegatingMethodAccessorImpl.invoke(Ljava/lang/Object;[Ljava/lang/Object;)Ljava/lang/Object; java.base@17.0.5 (10 bytes) @ 0x000000000670914c [0x0000000006709040+0x000000000000010c]
J 1206 c1 java.lang.reflect.Method.invoke(Ljava/lang/Object;[Ljava/lang/Object;)Ljava/lang/Object; java.base@17.0.5 (65 bytes) @ 0x0000000006708bc4 [0x0000000006708880+0x0000000000000344]
j  com.sun.javafx.reflect.MethodUtil.invoke(Ljava/lang/reflect/Method;Ljava/lang/Object;[Ljava/lang/Object;)Ljava/lang/Object;+20 javafx.base@20.0.1
j  com.sun.javafx.fxml.MethodHelper.invoke(Ljava/lang/reflect/Method;Ljava/lang/Object;[Ljava/lang/Object;)Ljava/lang/Object;+142 javafx.fxml@20.0.1
j  javafx.fxml.FXMLLoader$MethodHandler.invoke([Ljava/lang/Object;)V+19 javafx.fxml@20.0.1
j  javafx.fxml.FXMLLoader$ControllerMethodEventHandler.handle(Ljavafx/event/Event;)V+12 javafx.fxml@20.0.1
j  com.sun.javafx.event.CompositeEventHandler.dispatchBubblingEvent(Ljavafx/event/Event;)V+51 javafx.base@20.0.1
J 1566 c1 com.sun.javafx.event.EventHandlerManager.dispatchBubblingEvent(Ljavafx/event/EventType;Ljavafx/event/Event;)Ljavafx/event/Event; javafx.base@20.0.1 (41 bytes) @ 0x00000000067a7b2c [0x00000000067a7500+0x000000000000062c]
j  com.sun.javafx.event.EventHandlerManager.dispatchBubblingEvent(Ljavafx/event/Event;)Ljavafx/event/Event;+8 javafx.base@20.0.1
j  com.sun.javafx.event.CompositeEventDispatcher.dispatchBubblingEvent(Ljavafx/event/Event;)Ljavafx/event/Event;+11 javafx.base@20.0.1
j  com.sun.javafx.event.BasicEventDispatcher.dispatchEvent(Ljavafx/event/Event;Ljavafx/event/EventDispatchChain;)Ljavafx/event/Event;+29 javafx.base@20.0.1
J 1618 c1 com.sun.javafx.event.EventDispatchChainImpl.dispatchEvent(Ljavafx/event/Event;)Ljavafx/event/Event; javafx.base@20.0.1 (101 bytes) @ 0x00000000067ba684 [0x00000000067ba4c0+0x00000000000001c4]
j  com.sun.javafx.event.BasicEventDispatcher.dispatchEvent(Ljavafx/event/Event;Ljavafx/event/EventDispatchChain;)Ljavafx/event/Event;+17 javafx.base@20.0.1
J 1618 c1 com.sun.javafx.event.EventDispatchChainImpl.dispatchEvent(Ljavafx/event/Event;)Ljavafx/event/Event; javafx.base@20.0.1 (101 bytes) @ 0x00000000067ba684 [0x00000000067ba4c0+0x00000000000001c4]
j  com.sun.javafx.event.BasicEventDispatcher.dispatchEvent(Ljavafx/event/Event;Ljavafx/event/EventDispatchChain;)Ljavafx/event/Event;+17 javafx.base@20.0.1
J 1618 c1 com.sun.javafx.event.EventDispatchChainImpl.dispatchEvent(Ljavafx/event/Event;)Ljavafx/event/Event; javafx.base@20.0.1 (101 bytes) @ 0x00000000067ba684 [0x00000000067ba4c0+0x00000000000001c4]
j  com.sun.javafx.event.EventUtil.fireEventImpl(Ljavafx/event/EventDispatchChain;Ljavafx/event/EventTarget;Ljavafx/event/Event;)Ljavafx/event/Event;+10 javafx.base@20.0.1
j  com.sun.javafx.event.EventUtil.fireEvent(Ljavafx/event/EventTarget;Ljavafx/event/Event;)Ljavafx/event/Event;+37 javafx.base@20.0.1
j  javafx.event.Event.fireEvent(Ljavafx/event/EventTarget;Ljavafx/event/Event;)V+30 javafx.base@20.0.1
j  javafx.scene.Node.fireEvent(Ljavafx/event/Event;)V+86 javafx.graphics@20.0.1
j  javafx.scene.control.Button.fire()V+15 javafx.controls@20.0.1
j  com.sun.javafx.scene.control.behavior.ButtonBehavior.mouseReleased(Ljavafx/scene/input/MouseEvent;)V+27 javafx.controls@20.0.1
j  com.sun.javafx.scene.control.behavior.ButtonBehavior$$Lambda$239+0x000000080026bf80.handle(Ljavafx/event/Event;)V+8 javafx.controls@20.0.1
j  com.sun.javafx.scene.control.inputmap.InputMap.handle(Ljavafx/event/Event;)V+61 javafx.controls@20.0.1
j  com.sun.javafx.scene.control.inputmap.InputMap$$Lambda$234+0x000000080026b2b0.handle(Ljavafx/event/Event;)V+5 javafx.controls@20.0.1
j  com.sun.javafx.event.CompositeEventHandler$NormalEventHandlerRecord.handleBubblingEvent(Ljavafx/event/Event;)V+5 javafx.base@20.0.1
j  com.sun.javafx.event.CompositeEventHandler.dispatchBubblingEvent(Ljavafx/event/Event;)V+28 javafx.base@20.0.1
J 1566 c1 com.sun.javafx.event.EventHandlerManager.dispatchBubblingEvent(Ljavafx/event/EventType;Ljavafx/event/Event;)Ljavafx/event/Event; javafx.base@20.0.1 (41 bytes) @ 0x00000000067a7b2c [0x00000000067a7500+0x000000000000062c]
j  com.sun.javafx.event.EventHandlerManager.dispatchBubblingEvent(Ljavafx/event/Event;)Ljavafx/event/Event;+8 javafx.base@20.0.1
j  com.sun.javafx.event.CompositeEventDispatcher.dispatchBubblingEvent(Ljavafx/event/Event;)Ljavafx/event/Event;+11 javafx.base@20.0.1
j  com.sun.javafx.event.BasicEventDispatcher.dispatchEvent(Ljavafx/event/Event;Ljavafx/event/EventDispatchChain;)Ljavafx/event/Event;+29 javafx.base@20.0.1
J 1618 c1 com.sun.javafx.event.EventDispatchChainImpl.dispatchEvent(Ljavafx/event/Event;)Ljavafx/event/Event; javafx.base@20.0.1 (101 bytes) @ 0x00000000067ba684 [0x00000000067ba4c0+0x00000000000001c4]
j  com.sun.javafx.event.BasicEventDispatcher.dispatchEvent(Ljavafx/event/Event;Ljavafx/event/EventDispatchChain;)Ljavafx/event/Event;+17 javafx.base@20.0.1
J 1618 c1 com.sun.javafx.event.EventDispatchChainImpl.dispatchEvent(Ljavafx/event/Event;)Ljavafx/event/Event; javafx.base@20.0.1 (101 bytes) @ 0x00000000067ba684 [0x00000000067ba4c0+0x00000000000001c4]
j  com.sun.javafx.event.BasicEventDispatcher.dispatchEvent(Ljavafx/event/Event;Ljavafx/event/EventDispatchChain;)Ljavafx/event/Event;+17 javafx.base@20.0.1
J 1618 c1 com.sun.javafx.event.EventDispatchChainImpl.dispatchEvent(Ljavafx/event/Event;)Ljavafx/event/Event; javafx.base@20.0.1 (101 bytes) @ 0x00000000067ba684 [0x00000000067ba4c0+0x00000000000001c4]
j  com.sun.javafx.event.EventUtil.fireEventImpl(Ljavafx/event/EventDispatchChain;Ljavafx/event/EventTarget;Ljavafx/event/Event;)Ljavafx/event/Event;+10 javafx.base@20.0.1
j  com.sun.javafx.event.EventUtil.fireEvent(Ljavafx/event/EventTarget;Ljavafx/event/Event;)Ljavafx/event/Event;+46 javafx.base@20.0.1
j  javafx.event.Event.fireEvent(Ljavafx/event/EventTarget;Ljavafx/event/Event;)V+30 javafx.base@20.0.1
j  javafx.scene.Scene$MouseHandler.process(Ljavafx/scene/input/MouseEvent;Z)V+536 javafx.graphics@20.0.1
j  javafx.scene.Scene.processMouseEvent(Ljavafx/scene/input/MouseEvent;)V+6 javafx.graphics@20.0.1
j  javafx.scene.Scene$ScenePeerListener.mouseEvent(Ljavafx/event/EventType;DDDDLjavafx/scene/input/MouseButton;ZZZZZZZZZZZ)V+50 javafx.graphics@20.0.1
j  com.sun.javafx.tk.quantum.GlassViewEventHandler$MouseEventNotification.run()Ljava/lang/Void;+650 javafx.graphics@20.0.1
j  com.sun.javafx.tk.quantum.GlassViewEventHandler$MouseEventNotification.run()Ljava/lang/Object;+1 javafx.graphics@20.0.1
J 1855 c1 java.security.AccessController.doPrivileged(Ljava/security/PrivilegedAction;Ljava/security/AccessControlContext;)Ljava/lang/Object; java.base@17.0.5 (17 bytes) @ 0x000000000682545c [0x0000000006825280+0x00000000000001dc]
j  com.sun.javafx.tk.quantum.GlassViewEventHandler.lambda$handleMouseEvent$2()Ljava/lang/Void;+11 javafx.graphics@20.0.1
j  com.sun.javafx.tk.quantum.GlassViewEventHandler$$Lambda$263+0x0000000800279740.get()Ljava/lang/Object;+4 javafx.graphics@20.0.1
j  com.sun.javafx.tk.quantum.QuantumToolkit.runWithoutRenderLock(Ljava/util/function/Supplier;)Ljava/lang/Object;+18 javafx.graphics@20.0.1
j  com.sun.javafx.tk.quantum.GlassViewEventHandler.handleMouseEvent(Lcom/sun/glass/ui/View;JIIIIIIIZZ)V+103 javafx.graphics@20.0.1
j  com.sun.glass.ui.View.handleMouseEvent(JIIIIIIIZZ)V+30 javafx.graphics@20.0.1
j  com.sun.glass.ui.View.notifyMouse(IIIIIIIZZ)V+181 javafx.graphics@20.0.1
v  ~StubRoutines::call_stub
j  com.sun.glass.ui.win.WinApplication._runLoop(Ljava/lang/Runnable;)V+0 javafx.graphics@20.0.1
j  com.sun.glass.ui.win.WinApplication.lambda$runLoop$3(ILjava/lang/Runnable;)V+8 javafx.graphics@20.0.1
j  com.sun.glass.ui.win.WinApplication$$Lambda$85+0x00000008000ea838.run()V+12 javafx.graphics@20.0.1
j  java.lang.Thread.run()V+11 java.base@17.0.5
v  ~StubRoutines::call_stub

siginfo: EXCEPTION_ACCESS_VIOLATION (0xc0000005), reading address 0x0000000000000120


Register to memory mapping:

RIP=0x000007fee6c7b796 glass.dll
RAX=0x0 is NULL
RBX=0x0 is NULL
RCX=0x0 is NULL
RDX=0x0 is NULL
RSP=0x00000000241daa20 is pointing into the stack for thread: 0x0000000021786430
RBP=0x0 is NULL
RSI=0x0000000000000401 is an unknown value
RDI=0x00000000241daca0 is pointing into the stack for thread: 0x0000000021786430
R8 =0x00000000241da988 is pointing into the stack for thread: 0x0000000021786430
R9 =0x0 is NULL
R10=0x0 is NULL
R11=0x0000000000000202 is an unknown value
R12=0x0 is NULL
R13=0x0000000000000401 is an unknown value
R14=0x0 is NULL
R15=0x00000000002008c0 points into unknown readable memory: 0x004100060000006d | 6d 00 00 00 06 00 41 00


Registers:
RAX=0x0000000000000000, RBX=0x0000000000000000, RCX=0x0000000000000000, RDX=0x0000000000000000
RSP=0x00000000241daa20, RBP=0x0000000000000000, RSI=0x0000000000000401, RDI=0x00000000241daca0
R8 =0x00000000241da988, R9 =0x0000000000000000, R10=0x0000000000000000, R11=0x0000000000000202
R12=0x0000000000000000, R13=0x0000000000000401, R14=0x0000000000000000, R15=0x00000000002008c0
RIP=0x000007fee6c7b796, EFLAGS=0x0000000000010202

Top of Stack: (sp=0x00000000241daa20)
0x00000000241daa20:   0000000000000000 0000000000180001
0x00000000241daa30:   000007fee6c8c0a1 000007fee6c61740
0x00000000241daa40:   00000000241daca0 000007fee6c7a521
0x00000000241daa50:   00000000241daca0 0000000000000401
0x00000000241daa60:   0000000000000000 0000000000000000
0x00000000241daa70:   0000000022199cd0 000007fee6c6a2d5
0x00000000241daa80:   00000000241daca0 0000000000000001
0x00000000241daa90:   000000000000c0a1 000007fee6c617bc
0x00000000241daaa0:   0000000000000000 000007fee6c617bc
0x00000000241daab0:   0000000022199cd0 00000000241daca0
0x00000000241daac0:   0000000000000401 00000000002008c0
0x00000000241daad0:   0000000000000000 00000000772c9861
0x00000000241daae0:   0000000000000401 00000000002008c0
0x00000000241daaf0:   0000000000000001 0000000000000000
0x00000000241dab00:   00000000772c987f 00000000772c674c
0x00000000241dab10:   0000000000000001 0000000000000000 

Instructions: (pc=0x000007fee6c7b796)
0x000007fee6c7b696:   a8 00 00 00 41 5e 41 5d 41 5c 5e 5d 5b c3 cc cc
0x000007fee6c7b6a6:   cc cc cc cc cc cc cc cc cc cc b0 01 c3 cc cc cc
0x000007fee6c7b6b6:   cc cc cc cc cc cc cc cc cc cc 48 89 5c 24 08 57
0x000007fee6c7b6c6:   48 83 ec 30 48 8b fa 48 8b d9 48 39 91 20 01 00
0x000007fee6c7b6d6:   00 0f 84 a5 00 00 00 e8 ae 00 00 00 48 8b 93 20
0x000007fee6c7b6e6:   01 00 00 48 85 d2 75 04 48 8b 53 08 48 89 54 24
0x000007fee6c7b6f6:   20 4c 8b c7 48 85 ff 75 04 4c 8b 43 08 48 8d 0d
0x000007fee6c7b706:   16 e9 00 00 4c 89 44 24 28 e8 3c 7f fe ff 48 8b
0x000007fee6c7b716:   4c 24 20 4c 8d 44 24 20 48 8d 15 eb f8 ff ff ff
0x000007fee6c7b726:   15 b5 de 01 00 48 8b 05 2e e2 01 00 48 85 c0 75
0x000007fee6c7b736:   04 33 c9 eb 03 8b 48 40 4c 8d 44 24 20 48 8d 15
0x000007fee6c7b746:   06 f9 ff ff ff 15 98 de 01 00 48 89 bb 20 01 00
0x000007fee6c7b756:   00 e8 24 38 00 00 4c 8b 05 9d e5 01 00 48 8b c8
0x000007fee6c7b766:   48 8b 93 c0 00 00 00 4c 8b cf e8 7b 99 fe ff e8
0x000007fee6c7b776:   06 38 00 00 48 8b c8 e8 1e 37 00 00 48 8b 5c 24
0x000007fee6c7b786:   40 48 83 c4 30 5f c3 cc cc cc 40 57 48 83 ec 20
0x000007fee6c7b796:   48 8b 81 20 01 00 00 48 8b f9 48 85 c0 75 04 48
0x000007fee6c7b7a6:   8b 41 08 48 3b 05 d0 e4 01 00 75 3b 48 89 5c 24
0x000007fee6c7b7b6:   30 e8 c4 37 00 00 4c 8b 05 2d e5 01 00 48 8b c8
0x000007fee6c7b7c6:   48 8b 97 c0 00 00 00 48 8b d8 e8 1b 99 fe ff 48
0x000007fee6c7b7d6:   8b cb e8 c3 36 00 00 48 8b 5c 24 30 48 c7 05 93
0x000007fee6c7b7e6:   e4 01 00 00 00 00 00 48 83 c4 20 5f c3 cc cc cc
0x000007fee6c7b7f6:   cc cc cc cc cc cc cc cc cc cc 40 53 48 83 ec 50
0x000007fee6c7b806:   48 8b 05 b3 b9 01 00 48 33 c4 48 89 44 24 40 48
0x000007fee6c7b816:   8b d9 48 8b 49 08 ff 15 3e dd 01 00 85 c0 0f 85
0x000007fee6c7b826:   1b 01 00 00 48 8b 4b 08 48 8d 54 24 30 ff 15 8f
0x000007fee6c7b836:   db 01 00 48 8b 4b 08 48 8d 54 24 20 ff 15 e8 db
0x000007fee6c7b846:   01 00 48 8b 4b 08 4c 8d 44 24 20 41 b9 02 00 00
0x000007fee6c7b856:   00 33 d2 ff 15 d9 db 01 00 8b 44 24 24 2b 44 24
0x000007fee6c7b866:   34 8b 4c 24 20 2b 4c 24 30 8b 54 24 3c 2b 54 24
0x000007fee6c7b876:   2c 44 8b 44 24 38 44 2b 44 24 28 89 83 0c 01 00
0x000007fee6c7b886:   00 89 8b 08 01 00 00 89 93 14 01 00 00 44 89 83 


Stack slot to memory mapping:
stack at sp + 0 slots: 0x0 is NULL
stack at sp + 1 slots: 0x0000000000180001 is an unknown value
stack at sp + 2 slots: 0x000007fee6c8c0a1 glass.dll
stack at sp + 3 slots: 0x000007fee6c61740 glass.dll
stack at sp + 4 slots: 0x00000000241daca0 is pointing into the stack for thread: 0x0000000021786430
stack at sp + 5 slots: 0x000007fee6c7a521 glass.dll
stack at sp + 6 slots: 0x00000000241daca0 is pointing into the stack for thread: 0x0000000021786430
stack at sp + 7 slots: 0x0000000000000401 is an unknown value


---------------  P R O C E S S  ---------------

Threads class SMR info:
_java_thread_list=0x00000000222ca3b0, length=20, elements={
0x000000000037fd10, 0x000000001f55eb80, 0x000000001f575cf0, 0x000000001f58de80,
0x000000001f58eb60, 0x000000001f599bc0, 0x000000001f59dda0, 0x000000001f59ea80,
0x000000001f5c9c80, 0x000000001f5d2d80, 0x0000000020d2ad90, 0x00000000217e6c20,
0x0000000022114d70, 0x000000002210ae30, 0x0000000021786430, 0x0000000022751680,
0x0000000022754380, 0x0000000022837120, 0x0000000022e43d80, 0x000000002297cf50
}

Java Threads: ( => current thread )
  0x000000000037fd10 JavaThread "main" [_thread_blocked, id=8176, stack(0x00000000021d0000,0x00000000022d0000)]
  0x000000001f55eb80 JavaThread "Reference Handler" daemon [_thread_blocked, id=1396, stack(0x0000000020000000,0x0000000020100000)]
  0x000000001f575cf0 JavaThread "Finalizer" daemon [_thread_blocked, id=5960, stack(0x0000000020110000,0x0000000020210000)]
  0x000000001f58de80 JavaThread "Signal Dispatcher" daemon [_thread_blocked, id=3756, stack(0x0000000020360000,0x0000000020460000)]
  0x000000001f58eb60 JavaThread "Attach Listener" daemon [_thread_blocked, id=7868, stack(0x00000000205a0000,0x00000000206a0000)]
  0x000000001f599bc0 JavaThread "Service Thread" daemon [_thread_blocked, id=2392, stack(0x0000000020740000,0x0000000020840000)]
  0x000000001f59dda0 JavaThread "Monitor Deflation Thread" daemon [_thread_blocked, id=10028, stack(0x0000000020220000,0x0000000020320000)]
  0x000000001f59ea80 JavaThread "C2 CompilerThread0" daemon [_thread_blocked, id=9832, stack(0x0000000020980000,0x0000000020a80000)]
  0x000000001f5c9c80 JavaThread "C1 CompilerThread0" daemon [_thread_blocked, id=5464, stack(0x0000000020470000,0x0000000020570000)]
  0x000000001f5d2d80 JavaThread "Sweeper thread" daemon [_thread_blocked, id=2904, stack(0x0000000020b20000,0x0000000020c20000)]
  0x0000000020d2ad90 JavaThread "Common-Cleaner" daemon [_thread_blocked, id=8844, stack(0x0000000021150000,0x0000000021250000)]
  0x00000000217e6c20 JavaThread "Notification Thread" daemon [_thread_blocked, id=7296, stack(0x0000000021d00000,0x0000000021e00000)]
  0x0000000022114d70 JavaThread "QuantumRenderer-0" daemon [_thread_blocked, id=2852, stack(0x0000000022f80000,0x0000000023080000)]
  0x000000002210ae30 JavaThread "InvokeLaterDispatcher" daemon [_thread_blocked, id=9744, stack(0x00000000231b0000,0x00000000232b0000)]
=>0x0000000021786430 JavaThread "JavaFX Application Thread" [_thread_in_native, id=9444, stack(0x00000000240e0000,0x00000000241e0000)]
  0x0000000022751680 JavaThread "JavaFX-Launcher" [_thread_blocked, id=10008, stack(0x0000000024380000,0x0000000024480000)]
  0x0000000022754380 JavaThread "Thread-2" daemon [_thread_in_native, id=9688, stack(0x0000000024210000,0x0000000024310000)]
  0x0000000022837120 JavaThread "Prism Font Disposer" daemon [_thread_blocked, id=9212, stack(0x00000000279f0000,0x0000000027af0000)]
  0x0000000022e43d80 JavaThread "Cleaner-0" daemon [_thread_blocked, id=2100, stack(0x00000000268c0000,0x00000000269c0000)]
  0x000000002297cf50 JavaThread "C2 CompilerThread1" daemon [_thread_blocked, id=2940, stack(0x0000000029340000,0x0000000029440000)]

Other Threads:
  0x000000001f55bdc0 VMThread "VM Thread" [stack: 0x000000001f640000,0x000000001f740000] [id=5160]
  0x0000000020ce4db0 WatcherThread [stack: 0x0000000021e50000,0x0000000021f50000] [id=8088]
  0x00000000003d86e0 GCTaskThread "GC Thread#0" [stack: 0x000000001c810000,0x000000001c910000] [id=9412]
  0x0000000021f92ee0 GCTaskThread "GC Thread#1" [stack: 0x0000000023c00000,0x0000000023d00000] [id=8256]
  0x00000000220abe60 GCTaskThread "GC Thread#2" [stack: 0x0000000023d40000,0x0000000023e40000] [id=8024]
  0x00000000221a9110 GCTaskThread "GC Thread#3" [stack: 0x0000000023f40000,0x0000000024040000] [id=6792]
  0x000000001c676040 ConcurrentGCThread "G1 Main Marker" [stack: 0x000000001caf0000,0x000000001cbf0000] [id=8092]
  0x000000001c677700 ConcurrentGCThread "G1 Conc#0" [stack: 0x000000001cc30000,0x000000001cd30000] [id=1264]
  0x000000001c71a450 ConcurrentGCThread "G1 Refine#0" [stack: 0x000000001f060000,0x000000001f160000] [id=9464]
  0x000000001c71ab20 ConcurrentGCThread "G1 Service" [stack: 0x000000001f320000,0x000000001f420000] [id=1452]

Threads with active compile tasks:

VM state: not at safepoint (normal execution)

VM Mutex/Monitor currently owned by a thread: None

Heap address: 0x0000000740a00000, size: 3062 MB, Compressed Oops mode: Zero based, Oop shift amount: 3

CDS archive(s) not mapped
Compressed class space mapped at: 0x0000000800000000-0x0000000840000000, reserved size: 1073741824
Narrow klass base: 0x0000000800000000, Narrow klass shift: 0, Narrow klass range: 0x40000000

GC Precious Log:
 CPUs: 4 total, 4 available
 Memory: 12247M
 Large Page Support: Disabled
 NUMA Support: Disabled
 Compressed Oops: Enabled (Zero based)
 Heap Region Size: 2M
 Heap Min Capacity: 8M
 Heap Initial Capacity: 192M
 Heap Max Capacity: 3062M
 Pre-touch: Disabled
 Parallel Workers: 4
 Concurrent Workers: 1
 Concurrent Refinement Workers: 4
 Periodic GC: Disabled

Heap:
 garbage-first heap   total 96256K, used 46321K [0x0000000740a00000, 0x0000000800000000)
  region size 2048K, 19 young (38912K), 8 survivors (16384K)
 Metaspace       used 23107K, committed 23360K, reserved 1073152K
  class space    used 3018K, committed 3136K, reserved 1048576K

Heap Regions: E=young(eden), S=young(survivor), O=old, HS=humongous(starts), HC=humongous(continues), CS=collection set, F=free, OA=open archive, CA=closed archive, TAMS=top-at-mark-start (previous, next)
|   0|0x0000000740a00000, 0x0000000740c00000, 0x0000000740c00000|100%|HS|  |TAMS 0x0000000740c00000, 0x0000000740a00000| Complete 
|   1|0x0000000740c00000, 0x0000000740e00000, 0x0000000740e00000|100%|HC|  |TAMS 0x0000000740e00000, 0x0000000740c00000| Complete 
|   2|0x0000000740e00000, 0x0000000741000000, 0x0000000741000000|100%|HC|  |TAMS 0x0000000741000000, 0x0000000740e00000| Complete 
|   3|0x0000000741000000, 0x0000000741200000, 0x0000000741200000|100%|HC|  |TAMS 0x0000000741200000, 0x0000000741000000| Complete 
|   4|0x0000000741200000, 0x0000000741400000, 0x0000000741400000|100%|HC|  |TAMS 0x0000000741400000, 0x0000000741200000| Complete 
|   5|0x0000000741400000, 0x0000000741400000, 0x0000000741600000|  0%| F|  |TAMS 0x0000000741400000, 0x0000000741400000| Untracked 
|   6|0x0000000741600000, 0x0000000741600000, 0x0000000741800000|  0%| F|  |TAMS 0x0000000741600000, 0x0000000741600000| Untracked 
|   7|0x0000000741800000, 0x0000000741800000, 0x0000000741a00000|  0%| F|  |TAMS 0x0000000741800000, 0x0000000741800000| Untracked 
|   8|0x0000000741a00000, 0x0000000741a00000, 0x0000000741c00000|  0%| F|  |TAMS 0x0000000741a00000, 0x0000000741a00000| Untracked 
|   9|0x0000000741c00000, 0x0000000741c00000, 0x0000000741e00000|  0%| F|  |TAMS 0x0000000741c00000, 0x0000000741c00000| Untracked 
|  10|0x0000000741e00000, 0x0000000741e00000, 0x0000000742000000|  0%| F|  |TAMS 0x0000000741e00000, 0x0000000741e00000| Untracked 
|  11|0x0000000742000000, 0x0000000742000000, 0x0000000742200000|  0%| F|  |TAMS 0x0000000742000000, 0x0000000742000000| Untracked 
|  12|0x0000000742200000, 0x0000000742200000, 0x0000000742400000|  0%| F|  |TAMS 0x0000000742200000, 0x0000000742200000| Untracked 
|  13|0x0000000742400000, 0x0000000742400000, 0x0000000742600000|  0%| F|  |TAMS 0x0000000742400000, 0x0000000742400000| Untracked 
|  14|0x0000000742600000, 0x0000000742600000, 0x0000000742800000|  0%| F|  |TAMS 0x0000000742600000, 0x0000000742600000| Untracked 
|  15|0x0000000742800000, 0x0000000742800000, 0x0000000742a00000|  0%| F|  |TAMS 0x0000000742800000, 0x0000000742800000| Untracked 
|  16|0x0000000742a00000, 0x0000000742a00000, 0x0000000742c00000|  0%| F|  |TAMS 0x0000000742a00000, 0x0000000742a00000| Untracked 
|  17|0x0000000742c00000, 0x0000000742c00000, 0x0000000742e00000|  0%| F|  |TAMS 0x0000000742c00000, 0x0000000742c00000| Untracked 
|  18|0x0000000742e00000, 0x0000000742e00000, 0x0000000743000000|  0%| F|  |TAMS 0x0000000742e00000, 0x0000000742e00000| Untracked 
|  19|0x0000000743000000, 0x0000000743000000, 0x0000000743200000|  0%| F|  |TAMS 0x0000000743000000, 0x0000000743000000| Untracked 
|  20|0x0000000743200000, 0x0000000743200000, 0x0000000743400000|  0%| F|  |TAMS 0x0000000743200000, 0x0000000743200000| Untracked 
|  21|0x0000000743400000, 0x0000000743400000, 0x0000000743600000|  0%| F|  |TAMS 0x0000000743400000, 0x0000000743400000| Untracked 
|  22|0x0000000743600000, 0x0000000743600000, 0x0000000743800000|  0%| F|  |TAMS 0x0000000743600000, 0x0000000743600000| Untracked 
|  23|0x0000000743800000, 0x0000000743800000, 0x0000000743a00000|  0%| F|  |TAMS 0x0000000743800000, 0x0000000743800000| Untracked 
|  24|0x0000000743a00000, 0x0000000743a00000, 0x0000000743c00000|  0%| F|  |TAMS 0x0000000743a00000, 0x0000000743a00000| Untracked 
|  25|0x0000000743c00000, 0x0000000743c00000, 0x0000000743e00000|  0%| F|  |TAMS 0x0000000743c00000, 0x0000000743c00000| Untracked 
|  26|0x0000000743e00000, 0x0000000743e00000, 0x0000000744000000|  0%| F|  |TAMS 0x0000000743e00000, 0x0000000743e00000| Untracked 
|  27|0x0000000744000000, 0x0000000744000000, 0x0000000744200000|  0%| F|  |TAMS 0x0000000744000000, 0x0000000744000000| Untracked 
|  28|0x0000000744200000, 0x00000007443d6d48, 0x0000000744400000| 91%| E|  |TAMS 0x0000000744200000, 0x0000000744200000| Complete 
|  29|0x0000000744400000, 0x0000000744600000, 0x0000000744600000|100%| E|CS|TAMS 0x0000000744400000, 0x0000000744400000| Complete 
|  30|0x0000000744600000, 0x0000000744800000, 0x0000000744800000|100%| E|CS|TAMS 0x0000000744600000, 0x0000000744600000| Complete 
|  31|0x0000000744800000, 0x0000000744a00000, 0x0000000744a00000|100%| E|CS|TAMS 0x0000000744800000, 0x0000000744800000| Complete 
|  32|0x0000000744a00000, 0x0000000744c00000, 0x0000000744c00000|100%| E|CS|TAMS 0x0000000744a00000, 0x0000000744a00000| Complete 
|  33|0x0000000744c00000, 0x0000000744e00000, 0x0000000744e00000|100%| E|CS|TAMS 0x0000000744c00000, 0x0000000744c00000| Complete 
|  34|0x0000000744e00000, 0x0000000745000000, 0x0000000745000000|100%| E|CS|TAMS 0x0000000744e00000, 0x0000000744e00000| Complete 
|  35|0x0000000745000000, 0x0000000745200000, 0x0000000745200000|100%| E|CS|TAMS 0x0000000745000000, 0x0000000745000000| Complete 
|  36|0x0000000745200000, 0x0000000745400000, 0x0000000745400000|100%| E|CS|TAMS 0x0000000745200000, 0x0000000745200000| Complete 
|  37|0x0000000745400000, 0x0000000745600000, 0x0000000745600000|100%| E|CS|TAMS 0x0000000745400000, 0x0000000745400000| Complete 
|  70|0x0000000749600000, 0x000000074973c5c0, 0x0000000749800000| 61%| S|CS|TAMS 0x0000000749600000, 0x0000000749600000| Complete 
|  71|0x0000000749800000, 0x0000000749a00000, 0x0000000749a00000|100%| S|CS|TAMS 0x0000000749800000, 0x0000000749800000| Complete 
|  72|0x0000000749a00000, 0x0000000749c00000, 0x0000000749c00000|100%| S|CS|TAMS 0x0000000749a00000, 0x0000000749a00000| Complete 
|  73|0x0000000749c00000, 0x0000000749e00000, 0x0000000749e00000|100%| S|CS|TAMS 0x0000000749c00000, 0x0000000749c00000| Complete 
|  74|0x0000000749e00000, 0x000000074a000000, 0x000000074a000000|100%| S|CS|TAMS 0x0000000749e00000, 0x0000000749e00000| Complete 
|  75|0x000000074a000000, 0x000000074a200000, 0x000000074a200000|100%| S|CS|TAMS 0x000000074a000000, 0x000000074a000000| Complete 
|  76|0x000000074a200000, 0x000000074a400000, 0x000000074a400000|100%| S|CS|TAMS 0x000000074a200000, 0x000000074a200000| Complete 
|  77|0x000000074a400000, 0x000000074a600000, 0x000000074a600000|100%| S|CS|TAMS 0x000000074a400000, 0x000000074a400000| Complete 
|  95|0x000000074c800000, 0x000000074ca00000, 0x000000074ca00000|100%| E|CS|TAMS 0x000000074c800000, 0x000000074c800000| Complete 

Card table byte_map: [0x0000000015ab0000,0x00000000160b0000] _byte_map_base: 0x00000000120ab000

Marking Bits (Prev, Next): (CMBitMap*) 0x00000000003d89e0, (CMBitMap*) 0x00000000003d89a0
 Prev Bits: [0x0000000019690000, 0x000000001c668000)
 Next Bits: [0x00000000166b0000, 0x0000000019688000)

Polling page: 0x0000000000260000

Metaspace:

Usage:
  Non-class:     19.62 MB used.
      Class:      2.95 MB used.
       Both:     22.57 MB used.

Virtual space:
  Non-class space:       24.00 MB reserved,      19.75 MB ( 82%) committed,  3 nodes.
      Class space:        1.00 GB reserved,       3.06 MB ( <1%) committed,  1 nodes.
             Both:        1.02 GB reserved,      22.81 MB (  2%) committed. 

Chunk freelists:
   Non-Class:  16.00 KB
       Class:  912.00 KB
        Both:  928.00 KB

MaxMetaspaceSize: unlimited
CompressedClassSpaceSize: 1.00 GB
Initial GC threshold: 21.00 MB
Current GC threshold: 35.13 MB
CDS: off
MetaspaceReclaimPolicy: balanced
 - commit_granule_bytes: 65536.
 - commit_granule_words: 8192.
 - virtual_space_node_default_size: 1048576.
 - enlarge_chunks_in_place: 1.
 - new_chunks_are_fully_committed: 0.
 - uncommit_free_chunks: 1.
 - use_allocation_guard: 0.
 - handle_deallocations: 1.


Internal statistics:

num_allocs_failed_limit: 3.
num_arena_births: 196.
num_arena_deaths: 0.
num_vsnodes_births: 4.
num_vsnodes_deaths: 0.
num_space_committed: 365.
num_space_uncommitted: 0.
num_chunks_returned_to_freelist: 3.
num_chunks_taken_from_freelist: 701.
num_chunk_merges: 3.
num_chunk_splits: 500.
num_chunks_enlarged: 395.
num_purges: 0.
num_inconsistent_stats: 0.

CodeHeap 'non-profiled nmethods': size=120000Kb used=992Kb max_used=992Kb free=119007Kb
 bounds [0x000000000da50000, 0x000000000dcc0000, 0x0000000014f80000]
CodeHeap 'profiled nmethods': size=120000Kb used=5297Kb max_used=5297Kb free=114702Kb
 bounds [0x0000000006520000, 0x0000000006a50000, 0x000000000da50000]
CodeHeap 'non-nmethods': size=5760Kb used=1385Kb max_used=1428Kb free=4374Kb
 bounds [0x0000000005f80000, 0x00000000061f0000, 0x0000000006520000]
 total_blobs=3484 nmethods=2743 adapters=653
 compilation: enabled
              stopped_count=0, restarted_count=0
 full_count=0

Compilation events (20 events):
Event: 8.702 Thread 0x000000001f5c9c80 2735       3       java.lang.invoke.MemberName::isProtected (8 bytes)
Event: 8.703 Thread 0x000000001f5c9c80 nmethod 2735 0x0000000006a4b010 code [0x0000000006a4b1a0, 0x0000000006a4b378]
Event: 8.705 Thread 0x000000001f59ea80 2736       4       com.sun.javafx.binding.ExpressionHelper::fireValueChangedEvent (9 bytes)
Event: 8.706 Thread 0x000000001f59ea80 nmethod 2736 0x000000000db47210 code [0x000000000db47380, 0x000000000db473f8]
Event: 8.710 Thread 0x000000001f5c9c80 2737       1       java.lang.Module::getName (5 bytes)
Event: 8.710 Thread 0x000000001f5c9c80 nmethod 2737 0x000000000db47510 code [0x000000000db476a0, 0x000000000db47778]
Event: 8.710 Thread 0x000000001f5c9c80 2738       3       java.lang.String::valueOf (15 bytes)
Event: 8.711 Thread 0x000000001f5c9c80 nmethod 2738 0x0000000006a4b410 code [0x0000000006a4b5c0, 0x0000000006a4b7c8]
Event: 8.711 Thread 0x000000001f5c9c80 2739       3       java.nio.charset.CoderResult::isOverflow (14 bytes)
Event: 8.711 Thread 0x000000001f59ea80 2740       4       java.lang.StringBuilder::<init> (7 bytes)
Event: 8.711 Thread 0x000000001f5c9c80 nmethod 2739 0x0000000006a4b890 code [0x0000000006a4ba20, 0x0000000006a4bb98]
Event: 8.713 Thread 0x000000001f5c9c80 2742       3       java.nio.Buffer::remaining (20 bytes)
Event: 8.713 Thread 0x000000001f59ea80 nmethod 2740 0x000000000db47810 code [0x000000000db479a0, 0x000000000db47b58]
Event: 8.713 Thread 0x000000001f59ea80 2741       4       java.nio.Buffer::position (52 bytes)
Event: 8.713 Thread 0x000000001f5c9c80 nmethod 2742 0x0000000006a4bc10 code [0x0000000006a4bda0, 0x0000000006a4bf38]
Event: 8.715 Thread 0x000000001f59ea80 nmethod 2741 0x000000000db47c10 code [0x000000000db47d80, 0x000000000db47e58]
Event: 8.715 Thread 0x000000001f59ea80 2743       4       java.nio.ByteBuffer::arrayOffset (35 bytes)
Event: 8.715 Thread 0x000000001f5c9c80 2744       3       java.io.BufferedWriter::ensureOpen (18 bytes)
Event: 8.715 Thread 0x000000001f5c9c80 nmethod 2744 0x0000000006a4c010 code [0x0000000006a4c1c0, 0x0000000006a4c3c8]
Event: 8.715 Thread 0x000000001f59ea80 nmethod 2743 0x000000000db47f10 code [0x000000000db48080, 0x000000000db48138]

GC Heap History (6 events):
Event: 0.560 GC heap before
{Heap before GC invocations=0 (full 0):
 garbage-first heap   total 196608K, used 12288K [0x0000000740a00000, 0x0000000800000000)
  region size 2048K, 6 young (12288K), 0 survivors (0K)
 Metaspace       used 8916K, committed 9088K, reserved 1064960K
  class space    used 833K, committed 896K, reserved 1048576K
}
Event: 0.563 GC heap after
{Heap after GC invocations=1 (full 0):
 garbage-first heap   total 196608K, used 1587K [0x0000000740a00000, 0x0000000800000000)
  region size 2048K, 1 young (2048K), 1 survivors (2048K)
 Metaspace       used 8916K, committed 9088K, reserved 1064960K
  class space    used 833K, committed 896K, reserved 1048576K
}
Event: 0.901 GC heap before
{Heap before GC invocations=1 (full 0):
 garbage-first heap   total 196608K, used 15923K [0x0000000740a00000, 0x0000000800000000)
  region size 2048K, 9 young (18432K), 1 survivors (2048K)
 Metaspace       used 14850K, committed 14976K, reserved 1064960K
  class space    used 1687K, committed 1728K, reserved 1048576K
}
Event: 0.905 GC heap after
{Heap after GC invocations=2 (full 0):
 garbage-first heap   total 196608K, used 3570K [0x0000000740a00000, 0x0000000800000000)
  region size 2048K, 2 young (4096K), 2 survivors (4096K)
 Metaspace       used 14850K, committed 14976K, reserved 1064960K
  class space    used 1687K, committed 1728K, reserved 1048576K
}
Event: 3.770 GC heap before
{Heap before GC invocations=2 (full 0):
 garbage-first heap   total 196608K, used 42482K [0x0000000740a00000, 0x0000000800000000)
  region size 2048K, 18 young (36864K), 2 survivors (4096K)
 Metaspace       used 21315K, committed 21504K, reserved 1073152K
  class space    used 2644K, committed 2752K, reserved 1048576K
}
Event: 3.779 GC heap after
{Heap after GC invocations=3 (full 0):
 garbage-first heap   total 196608K, used 25841K [0x0000000740a00000, 0x0000000800000000)
  region size 2048K, 8 young (16384K), 8 survivors (16384K)
 Metaspace       used 21315K, committed 21504K, reserved 1073152K
  class space    used 2644K, committed 2752K, reserved 1048576K
}

Dll operation events (20 events):
Event: 0.435 Loaded shared library C:\Users\Admin\source\repos\The Great Escape\javafx-sdk-20.0.1\bin\api-ms-win-crt-math-l1-1-0.dll
Event: 0.436 Loaded shared library C:\Users\Admin\source\repos\The Great Escape\javafx-sdk-20.0.1\bin\api-ms-win-crt-multibyte-l1-1-0.dll
Event: 0.437 Loaded shared library C:\Users\Admin\source\repos\The Great Escape\javafx-sdk-20.0.1\bin\api-ms-win-crt-private-l1-1-0.dll
Event: 0.438 Loaded shared library C:\Users\Admin\source\repos\The Great Escape\javafx-sdk-20.0.1\bin\api-ms-win-crt-process-l1-1-0.dll
Event: 0.440 Loaded shared library C:\Users\Admin\source\repos\The Great Escape\javafx-sdk-20.0.1\bin\api-ms-win-crt-runtime-l1-1-0.dll
Event: 0.441 Loaded shared library C:\Users\Admin\source\repos\The Great Escape\javafx-sdk-20.0.1\bin\api-ms-win-crt-stdio-l1-1-0.dll
Event: 0.442 Loaded shared library C:\Users\Admin\source\repos\The Great Escape\javafx-sdk-20.0.1\bin\api-ms-win-crt-string-l1-1-0.dll
Event: 0.443 Loaded shared library C:\Users\Admin\source\repos\The Great Escape\javafx-sdk-20.0.1\bin\api-ms-win-crt-time-l1-1-0.dll
Event: 0.444 Loaded shared library C:\Users\Admin\source\repos\The Great Escape\javafx-sdk-20.0.1\bin\api-ms-win-crt-utility-l1-1-0.dll
Event: 0.446 Loaded shared library C:\Users\Admin\source\repos\The Great Escape\javafx-sdk-20.0.1\bin\ucrtbase.dll
Event: 0.448 Loaded shared library C:\Users\Admin\source\repos\The Great Escape\javafx-sdk-20.0.1\bin\vcruntime140.dll
Event: 0.449 Loaded shared library C:\Users\Admin\source\repos\The Great Escape\javafx-sdk-20.0.1\bin\vcruntime140_1.dll
Event: 0.451 Loaded shared library C:\Users\Admin\source\repos\The Great Escape\javafx-sdk-20.0.1\bin\msvcp140.dll
Event: 0.452 Loaded shared library C:\Users\Admin\source\repos\The Great Escape\javafx-sdk-20.0.1\bin\msvcp140_1.dll
Event: 0.453 Loaded shared library C:\Users\Admin\source\repos\The Great Escape\javafx-sdk-20.0.1\bin\msvcp140_2.dll
Event: 0.494 Loaded shared library C:\Users\Admin\source\repos\The Great Escape\javafx-sdk-20.0.1\bin\prism_sw.dll
Event: 0.536 Loaded shared library C:\Users\Admin\source\repos\The Great Escape\javafx-sdk-20.0.1\bin\glass.dll
Event: 0.738 Loaded shared library C:\Users\Admin\.p2\pool\plugins\org.eclipse.justj.openjdk.hotspot.jre.full.win32.x86_64_17.0.5.v20221102-0933\jre\bin\jimage.dll
Event: 0.767 Loaded shared library C:\Users\Admin\source\repos\The Great Escape\javafx-sdk-20.0.1\bin\javafx_font.dll
Event: 0.882 Loaded shared library C:\Users\Admin\source\repos\The Great Escape\javafx-sdk-20.0.1\bin\javafx_iio.dll

Deoptimization events (20 events):
Event: 3.806 Thread 0x0000000021786430 DEOPT PACKING pc=0x000000000dae6adc sp=0x00000000241da7e0
Event: 3.806 Thread 0x0000000021786430 DEOPT UNPACKING pc=0x0000000005fd23a3 sp=0x00000000241da778 mode 2
Event: 3.915 Thread 0x0000000022114d70 Uncommon trap: trap_request=0xffffffde fr.pc=0x000000000dadc4c0 relative=0x0000000000000f20
Event: 3.915 Thread 0x0000000022114d70 Uncommon trap: reason=class_check action=maybe_recompile pc=0x000000000dadc4c0 method=java.util.concurrent.ConcurrentHashMap.putVal(Ljava/lang/Object;Ljava/lang/Object;Z)Ljava/lang/Object; @ 242 c2
Event: 3.915 Thread 0x0000000022114d70 DEOPT PACKING pc=0x000000000dadc4c0 sp=0x000000002307dd30
Event: 3.915 Thread 0x0000000022114d70 DEOPT UNPACKING pc=0x0000000005fd23a3 sp=0x000000002307dcc0 mode 2
Event: 8.416 Thread 0x0000000021786430 DEOPT PACKING pc=0x0000000006931276 sp=0x00000000241db730
Event: 8.416 Thread 0x0000000021786430 DEOPT UNPACKING pc=0x0000000005fd2b43 sp=0x00000000241dabb8 mode 0
Event: 8.427 Thread 0x0000000021786430 DEOPT PACKING pc=0x0000000006931276 sp=0x00000000241db730
Event: 8.427 Thread 0x0000000021786430 DEOPT UNPACKING pc=0x0000000005fd2b43 sp=0x00000000241dabb8 mode 0
Event: 8.449 Thread 0x0000000021786430 DEOPT PACKING pc=0x0000000006931276 sp=0x00000000241db730
Event: 8.449 Thread 0x0000000021786430 DEOPT UNPACKING pc=0x0000000005fd2b43 sp=0x00000000241dabb8 mode 0
Event: 8.586 Thread 0x0000000021786430 DEOPT PACKING pc=0x0000000006947bf4 sp=0x00000000241db4d0
Event: 8.586 Thread 0x0000000021786430 DEOPT UNPACKING pc=0x0000000005fd2b43 sp=0x00000000241da958 mode 0
Event: 8.606 Thread 0x0000000021786430 DEOPT PACKING pc=0x0000000006947bf4 sp=0x00000000241db3d0
Event: 8.606 Thread 0x0000000021786430 DEOPT UNPACKING pc=0x0000000005fd2b43 sp=0x00000000241da858 mode 0
Event: 8.623 Thread 0x0000000021786430 DEOPT PACKING pc=0x0000000006947bf4 sp=0x00000000241db2e0
Event: 8.623 Thread 0x0000000021786430 DEOPT UNPACKING pc=0x0000000005fd2b43 sp=0x00000000241da768 mode 0
Event: 8.641 Thread 0x0000000021786430 DEOPT PACKING pc=0x0000000006947bf4 sp=0x00000000241db2a0
Event: 8.641 Thread 0x0000000021786430 DEOPT UNPACKING pc=0x0000000005fd2b43 sp=0x00000000241da728 mode 0

Classes unloaded (0 events):
No events

Classes redefined (0 events):
No events

Internal exceptions (20 events):
Event: 0.914 Thread 0x0000000021786430 Exception <a 'java/lang/ClassNotFoundException'{0x000000074c851db0}: com/sun/glass/ui/win/themes_el> (0x000000074c851db0) 
thrown [s\src\hotspot\share\prims\jni.cpp, line 535]
Event: 0.914 Thread 0x0000000021786430 Exception <a 'java/lang/ClassNotFoundException'{0x000000074c853290}: com/sun/glass/ui/win/themes_el_GR> (0x000000074c853290) 
thrown [s\src\hotspot\share\prims\jni.cpp, line 535]
Event: 0.993 Thread 0x0000000021786430 Exception <a 'java/lang/NoSuchMethodError'{0x000000074c4b4820}: 'void java.lang.invoke.DirectMethodHandle$Holder.invokeStaticInit(java.lang.Object, java.lang.Object)'> (0x000000074c4b4820) 
thrown [s\src\hotspot\share\interpreter\linkResolver.cpp, line 759]
Event: 1.123 Thread 0x0000000021786430 Implicit null exception at 0x000000000da7c158 to 0x000000000da7c1ee
Event: 1.126 Thread 0x0000000021786430 Implicit null exception at 0x000000000daa570e to 0x000000000daa5b14
Event: 1.127 Thread 0x0000000021786430 Implicit null exception at 0x000000000daa4d8b to 0x000000000daa5188
Event: 1.128 Thread 0x0000000021786430 Implicit null exception at 0x000000000da7488f to 0x000000000da74909
Event: 1.300 Thread 0x0000000021786430 Exception <a 'java/lang/NoSuchMethodError'{0x000000074ba07000}: 'void java.lang.invoke.DirectMethodHandle$Holder.invokeSpecial(java.lang.Object, java.lang.Object, java.lang.Object, java.lang.Object, java.lang.Object)'> (0x000000074ba07000) 
thrown [s\src\hotspot\share\interpreter\linkResolver.cpp, line 759]
Event: 1.301 Thread 0x0000000021786430 Exception <a 'java/lang/NoSuchMethodError'{0x000000074ba17578}: 'java.lang.Object java.lang.invoke.DirectMethodHandle$Holder.invokeInterface(java.lang.Object, java.lang.Object, java.lang.Object)'> (0x000000074ba17578) 
thrown [s\src\hotspot\share\interpreter\linkResolver.cpp, line 759]
Event: 1.302 Thread 0x0000000021786430 Exception <a 'java/lang/IncompatibleClassChangeError'{0x000000074ba1af00}: Found class java.lang.Object, but interface was expected> (0x000000074ba1af00) 
thrown [s\src\hotspot\share\interpreter\linkResolver.cpp, line 826]
Event: 1.367 Thread 0x0000000021786430 Exception <a 'java/lang/NoSuchMethodError'{0x000000074bbb2868}: 'java.lang.Object java.lang.invoke.DirectMethodHandle$Holder.newInvokeSpecial(java.lang.Object, java.lang.Object, int)'> (0x000000074bbb2868) 
thrown [s\src\hotspot\share\interpreter\linkResolver.cpp, line 759]
Event: 1.402 Thread 0x0000000022114d70 Exception <a 'java/lang/NoSuchMethodError'{0x000000074b91afa8}: 'int java.lang.invoke.DirectMethodHandle$Holder.invokeStaticInit(java.lang.Object, java.lang.Object)'> (0x000000074b91afa8) 
thrown [s\src\hotspot\share\interpreter\linkResolver.cpp, line 759]
Event: 2.572 Thread 0x0000000021786430 Exception <a 'java/lang/NoSuchMethodError'{0x000000074afb2be8}: 'long java.lang.invoke.DirectMethodHandle$Holder.invokeStatic(java.lang.Object, java.lang.Object, java.lang.Object)'> (0x000000074afb2be8) 
thrown [s\src\hotspot\share\interpreter\linkResolver.cpp, line 759]
Event: 2.572 Thread 0x0000000021786430 Exception <a 'java/lang/NoSuchMethodError'{0x000000074afb6390}: 'long java.lang.invoke.DirectMethodHandle$Holder.invokeStaticInit(java.lang.Object, java.lang.Object, java.lang.Object)'> (0x000000074afb6390) 
thrown [s\src\hotspot\share\interpreter\linkResolver.cpp, line 759]
Event: 2.575 Thread 0x0000000021786430 Exception <a 'java/lang/NoSuchMethodError'{0x000000074afcdf90}: 'java.lang.Object java.lang.invoke.DirectMethodHandle$Holder.newInvokeSpecial(java.lang.Object, java.lang.Object, long)'> (0x000000074afcdf90) 
thrown [s\src\hotspot\share\interpreter\linkResolver.cpp, line 759]
Event: 2.575 Thread 0x0000000021786430 Exception <a 'java/lang/NoSuchMethodError'{0x000000074afd1d58}: 'java.lang.Object java.lang.invoke.Invokers$Holder.linkToTargetMethod(java.lang.Object, long, java.lang.Object)'> (0x000000074afd1d58) 
thrown [s\src\hotspot\share\interpreter\linkResolver.cpp, line 759]
Event: 3.821 Thread 0x0000000021786430 Exception <a 'java/lang/ClassNotFoundException'{0x000000074c9c4e30}: com/sun/javafx/scene/control/skin/resources/controls> (0x000000074c9c4e30) 
thrown [s\src\hotspot\share\prims\jni.cpp, line 535]
Event: 3.822 Thread 0x0000000021786430 Exception <a 'java/lang/ClassNotFoundException'{0x000000074c9d3358}: com/sun/javafx/scene/control/skin/resources/controls_el> (0x000000074c9d3358) 
thrown [s\src\hotspot\share\prims\jni.cpp, line 535]
Event: 3.822 Thread 0x0000000021786430 Exception <a 'java/lang/ClassNotFoundException'{0x000000074c9d4fd8}: com/sun/javafx/scene/control/skin/resources/controls_el_GR> (0x000000074c9d4fd8) 
thrown [s\src\hotspot\share\prims\jni.cpp, line 535]
Event: 3.863 Thread 0x0000000021786430 Exception <a 'java/lang/NoSuchMethodError'{0x000000074554c4d0}: 'void java.lang.invoke.DirectMethodHandle$Holder.invokeSpecial(java.lang.Object, java.lang.Object, java.lang.Object, java.lang.Object, java.lang.Object, java.lang.Object)'> (0x000000074554c4d0) 
thrown [s\src\hotspot\share\interpreter\linkResolver.cpp, line 759]

VM Operations (20 events):
Event: 1.928 Executing VM operation: Cleanup
Event: 1.928 Executing VM operation: Cleanup done
Event: 2.614 Executing VM operation: HandshakeAllThreads
Event: 2.614 Executing VM operation: HandshakeAllThreads done
Event: 3.613 Executing VM operation: Cleanup
Event: 3.613 Executing VM operation: Cleanup done
Event: 3.770 Executing VM operation: CollectForMetadataAllocation
Event: 3.779 Executing VM operation: CollectForMetadataAllocation done
Event: 3.785 Executing VM operation: G1Concurrent
Event: 3.786 Executing VM operation: G1Concurrent done
Event: 3.786 Executing VM operation: G1Concurrent
Event: 3.795 Executing VM operation: G1Concurrent done
Event: 3.861 Executing VM operation: HandshakeAllThreads
Event: 3.861 Executing VM operation: HandshakeAllThreads done
Event: 4.861 Executing VM operation: Cleanup
Event: 4.861 Executing VM operation: Cleanup done
Event: 6.865 Executing VM operation: Cleanup
Event: 6.868 Executing VM operation: Cleanup done
Event: 8.694 Executing VM operation: ICBufferFull
Event: 8.694 Executing VM operation: ICBufferFull done

Events (20 events):
Event: 2.616 loading class java/text/FieldPosition done
Event: 2.616 loading class java/text/DigitList
Event: 2.616 loading class java/text/DigitList done
Event: 2.616 loading class java/math/RoundingMode
Event: 2.616 loading class java/math/RoundingMode done
Event: 2.617 loading class java/lang/Character$CharacterCache
Event: 2.617 loading class java/lang/Character$CharacterCache done
Event: 3.722 loading class java/io/CharArrayReader
Event: 3.722 loading class java/io/CharArrayReader done
Event: 3.802 loading class java/lang/invoke/DirectMethodHandle$Special
Event: 3.802 loading class java/lang/invoke/DirectMethodHandle$Special done
Event: 3.894 loading class java/lang/FdLibm$Hypot
Event: 3.894 loading class java/lang/FdLibm$Hypot done
Event: 3.895 loading class java/lang/FdLibm
Event: 3.895 loading class java/lang/FdLibm done
Event: 8.323 Thread 0x000000002297cf50 Thread added: 0x000000002297cf50
Event: 8.710 loading class java/lang/Throwable$WrappedPrintStream
Event: 8.710 loading class java/lang/Throwable$PrintStreamOrWriter
Event: 8.710 loading class java/lang/Throwable$PrintStreamOrWriter done
Event: 8.710 loading class java/lang/Throwable$WrappedPrintStream done


Dynamic libraries:
0x000000013fb20000 - 0x000000013fb2e000 	C:\Users\Admin\.p2\pool\plugins\org.eclipse.justj.openjdk.hotspot.jre.full.win32.x86_64_17.0.5.v20221102-0933\jre\bin\javaw.exe
0x00000000774d0000 - 0x000000007766f000 	C:\Windows\SYSTEM32\ntdll.dll
0x000007fecbf60000 - 0x000007fecbf79000 	C:\Program Files\Avast Software\Avast\aswhook.dll
0x00000000773b0000 - 0x00000000774cf000 	C:\Windows\system32\kernel32.dll
0x000007fefd2d0000 - 0x000007fefd337000 	C:\Windows\system32\KERNELBASE.dll
0x000007fef5360000 - 0x000007fef5377000 	C:\Users\Admin\.p2\pool\plugins\org.eclipse.justj.openjdk.hotspot.jre.full.win32.x86_64_17.0.5.v20221102-0933\jre\bin\jli.dll
0x000007fefbb90000 - 0x000007fefbd85000 	C:\Windows\WinSxS\amd64_microsoft.windows.common-controls_6595b64144ccf1df_6.0.7601.24483_none_e372d88f30fbb845\COMCTL32.dll
0x000007fefe650000 - 0x000007fefe6ef000 	C:\Windows\system32\msvcrt.dll
0x000007fefdb80000 - 0x000007fefdbe7000 	C:\Windows\system32\GDI32.dll
0x00000000772b0000 - 0x00000000773aa000 	C:\Windows\system32\USER32.dll
0x000007fefe6f0000 - 0x000007fefe6fe000 	C:\Windows\system32\LPK.dll
0x000007fefdbf0000 - 0x000007fefdcbb000 	C:\Windows\system32\USP10.dll
0x000007fefda60000 - 0x000007fefdad1000 	C:\Windows\system32\SHLWAPI.dll
0x000007fefab40000 - 0x000007fefab59000 	C:\Users\Admin\.p2\pool\plugins\org.eclipse.justj.openjdk.hotspot.jre.full.win32.x86_64_17.0.5.v20221102-0933\jre\bin\VCRUNTIME140.dll
0x000007fefac00000 - 0x000007fefac04000 	C:\Users\Admin\.p2\pool\plugins\org.eclipse.justj.openjdk.hotspot.jre.full.win32.x86_64_17.0.5.v20221102-0933\jre\bin\api-ms-win-crt-runtime-l1-1-0.dll
0x000007fee6a40000 - 0x000007fee6b3a000 	C:\Users\Admin\.p2\pool\plugins\org.eclipse.justj.openjdk.hotspot.jre.full.win32.x86_64_17.0.5.v20221102-0933\jre\bin\ucrtbase.DLL
0x000007fef5510000 - 0x000007fef5513000 	C:\Users\Admin\.p2\pool\plugins\org.eclipse.justj.openjdk.hotspot.jre.full.win32.x86_64_17.0.5.v20221102-0933\jre\bin\api-ms-win-core-localization-l1-2-0.dll
0x000007fef5350000 - 0x000007fef5353000 	C:\Users\Admin\.p2\pool\plugins\org.eclipse.justj.openjdk.hotspot.jre.full.win32.x86_64_17.0.5.v20221102-0933\jre\bin\api-ms-win-core-processthreads-l1-1-1.dll
0x000007fef53b0000 - 0x000007fef53b3000 	C:\Users\Admin\.p2\pool\plugins\org.eclipse.justj.openjdk.hotspot.jre.full.win32.x86_64_17.0.5.v20221102-0933\jre\bin\api-ms-win-core-file-l1-2-0.dll
0x000007fef5340000 - 0x000007fef5343000 	C:\Users\Admin\.p2\pool\plugins\org.eclipse.justj.openjdk.hotspot.jre.full.win32.x86_64_17.0.5.v20221102-0933\jre\bin\api-ms-win-core-timezone-l1-1-0.dll
0x000007fef52f0000 - 0x000007fef52f3000 	C:\Users\Admin\.p2\pool\plugins\org.eclipse.justj.openjdk.hotspot.jre.full.win32.x86_64_17.0.5.v20221102-0933\jre\bin\api-ms-win-core-file-l2-1-0.dll
0x000007fef52c0000 - 0x000007fef52c3000 	C:\Users\Admin\.p2\pool\plugins\org.eclipse.justj.openjdk.hotspot.jre.full.win32.x86_64_17.0.5.v20221102-0933\jre\bin\api-ms-win-core-synch-l1-2-0.dll
0x000007fef52b0000 - 0x000007fef52b3000 	C:\Users\Admin\.p2\pool\plugins\org.eclipse.justj.openjdk.hotspot.jre.full.win32.x86_64_17.0.5.v20221102-0933\jre\bin\api-ms-win-crt-heap-l1-1-0.dll
0x000007fef5290000 - 0x000007fef5294000 	C:\Users\Admin\.p2\pool\plugins\org.eclipse.justj.openjdk.hotspot.jre.full.win32.x86_64_17.0.5.v20221102-0933\jre\bin\api-ms-win-crt-string-l1-1-0.dll
0x000007fef5280000 - 0x000007fef5284000 	C:\Users\Admin\.p2\pool\plugins\org.eclipse.justj.openjdk.hotspot.jre.full.win32.x86_64_17.0.5.v20221102-0933\jre\bin\api-ms-win-crt-stdio-l1-1-0.dll
0x000007fef5270000 - 0x000007fef5274000 	C:\Users\Admin\.p2\pool\plugins\org.eclipse.justj.openjdk.hotspot.jre.full.win32.x86_64_17.0.5.v20221102-0933\jre\bin\api-ms-win-crt-convert-l1-1-0.dll
0x000007fef5260000 - 0x000007fef5263000 	C:\Users\Admin\.p2\pool\plugins\org.eclipse.justj.openjdk.hotspot.jre.full.win32.x86_64_17.0.5.v20221102-0933\jre\bin\api-ms-win-crt-environment-l1-1-0.dll
0x000007fef5250000 - 0x000007fef5253000 	C:\Users\Admin\.p2\pool\plugins\org.eclipse.justj.openjdk.hotspot.jre.full.win32.x86_64_17.0.5.v20221102-0933\jre\bin\api-ms-win-crt-filesystem-l1-1-0.dll
0x000007fef5240000 - 0x000007fef5245000 	C:\Users\Admin\.p2\pool\plugins\org.eclipse.justj.openjdk.hotspot.jre.full.win32.x86_64_17.0.5.v20221102-0933\jre\bin\api-ms-win-crt-math-l1-1-0.dll
0x000007fef5230000 - 0x000007fef5233000 	C:\Users\Admin\.p2\pool\plugins\org.eclipse.justj.openjdk.hotspot.jre.full.win32.x86_64_17.0.5.v20221102-0933\jre\bin\api-ms-win-crt-locale-l1-1-0.dll
0x000007fefdcc0000 - 0x000007fefdcee000 	C:\Windows\system32\IMM32.DLL
0x000007fefe700000 - 0x000007fefe80b000 	C:\Windows\system32\MSCTF.dll
0x000007fefe260000 - 0x000007fefe38c000 	C:\Windows\system32\RPCRT4.dll
0x000007fefdcf0000 - 0x000007fefddcb000 	C:\Windows\system32\ADVAPI32.dll
0x000007feff5a0000 - 0x000007feff5bf000 	C:\Windows\SYSTEM32\sechost.dll
0x000007fefd250000 - 0x000007fefd255000 	C:\Windows\system32\api-ms-win-downlevel-advapi32-l1-1-0.dll
0x000007fefad00000 - 0x000007fefad2d000 	C:\Windows\system32\ntmarta.dll
0x000007fefd3e0000 - 0x000007fefd432000 	C:\Windows\system32\WLDAP32.dll
0x000007fefce30000 - 0x000007fefce55000 	C:\Windows\system32\SspiCli.dll
0x000007fef5130000 - 0x000007fef513c000 	C:\Users\Admin\.p2\pool\plugins\org.eclipse.justj.openjdk.hotspot.jre.full.win32.x86_64_17.0.5.v20221102-0933\jre\bin\vcruntime140_1.dll
0x000007fee76b0000 - 0x000007fee7741000 	C:\Users\Admin\.p2\pool\plugins\org.eclipse.justj.openjdk.hotspot.jre.full.win32.x86_64_17.0.5.v20221102-0933\jre\bin\msvcp140.dll
0x000007fef5120000 - 0x000007fef5123000 	C:\Users\Admin\.p2\pool\plugins\org.eclipse.justj.openjdk.hotspot.jre.full.win32.x86_64_17.0.5.v20221102-0933\jre\bin\api-ms-win-crt-time-l1-1-0.dll
0x000007fef5100000 - 0x000007fef5103000 	C:\Users\Admin\.p2\pool\plugins\org.eclipse.justj.openjdk.hotspot.jre.full.win32.x86_64_17.0.5.v20221102-0933\jre\bin\api-ms-win-crt-utility-l1-1-0.dll
0x000007fed2790000 - 0x000007fed33d4000 	C:\Users\Admin\.p2\pool\plugins\org.eclipse.justj.openjdk.hotspot.jre.full.win32.x86_64_17.0.5.v20221102-0933\jre\bin\server\jvm.dll
0x000007fef9aa0000 - 0x000007fef9aa9000 	C:\Windows\system32\WSOCK32.dll
0x000007fefd4e0000 - 0x000007fefd52d000 	C:\Windows\system32\WS2_32.dll
0x000007fefe250000 - 0x000007fefe258000 	C:\Windows\system32\NSI.dll
0x000007fefacc0000 - 0x000007fefacfb000 	C:\Windows\system32\WINMM.dll
0x000007fefc0b0000 - 0x000007fefc0bc000 	C:\Windows\system32\VERSION.dll
0x000007fefabc0000 - 0x000007fefabca000 	C:\Users\Admin\.p2\pool\plugins\org.eclipse.justj.openjdk.hotspot.jre.full.win32.x86_64_17.0.5.v20221102-0933\jre\bin\jimage.dll
0x000007fefa620000 - 0x000007fefa745000 	C:\Windows\system32\DBGHELP.DLL
0x000007fef5520000 - 0x000007fef5545000 	C:\Users\Admin\.p2\pool\plugins\org.eclipse.justj.openjdk.hotspot.jre.full.win32.x86_64_17.0.5.v20221102-0933\jre\bin\java.dll
0x000007fefaba0000 - 0x000007fefabb8000 	C:\Users\Admin\.p2\pool\plugins\org.eclipse.justj.openjdk.hotspot.jre.full.win32.x86_64_17.0.5.v20221102-0933\jre\bin\zip.dll
0x000007fefe810000 - 0x000007feff59b000 	C:\Windows\system32\SHELL32.dll
0x000007feff5c0000 - 0x000007feff7bf000 	C:\Windows\system32\ole32.dll
0x000007fefd030000 - 0x000007fefd03f000 	C:\Windows\system32\profapi.dll
0x000007fefa3a0000 - 0x000007fefa3b9000 	C:\Users\Admin\.p2\pool\plugins\org.eclipse.justj.openjdk.hotspot.jre.full.win32.x86_64_17.0.5.v20221102-0933\jre\bin\net.dll
0x000007fef7060000 - 0x000007fef70d1000 	C:\Windows\system32\WINHTTP.dll
0x000007fef6ff0000 - 0x000007fef7055000 	C:\Windows\system32\webio.dll
0x000007fefc7a0000 - 0x000007fefc7f5000 	C:\Windows\system32\mswsock.dll
0x000007fefc790000 - 0x000007fefc797000 	C:\Windows\System32\wship6.dll
0x000007fefa300000 - 0x000007fefa315000 	C:\Users\Admin\.p2\pool\plugins\org.eclipse.justj.openjdk.hotspot.jre.full.win32.x86_64_17.0.5.v20221102-0933\jre\bin\nio.dll
0x000007fef5110000 - 0x000007fef5113000 	C:\Users\Admin\source\repos\The Great Escape\javafx-sdk-20.0.1\bin\api-ms-win-core-console-l1-1-0.dll
0x000007fef4ec0000 - 0x000007fef4ec3000 	C:\Users\Admin\source\repos\The Great Escape\javafx-sdk-20.0.1\bin\api-ms-win-core-console-l1-2-0.dll
0x000007fef50f0000 - 0x000007fef50f3000 	C:\Users\Admin\source\repos\The Great Escape\javafx-sdk-20.0.1\bin\api-ms-win-core-datetime-l1-1-0.dll
0x000007fef3f90000 - 0x000007fef3f93000 	C:\Users\Admin\source\repos\The Great Escape\javafx-sdk-20.0.1\bin\api-ms-win-core-debug-l1-1-0.dll
0x000007fef4ca0000 - 0x000007fef4ca3000 	C:\Users\Admin\source\repos\The Great Escape\javafx-sdk-20.0.1\bin\api-ms-win-core-errorhandling-l1-1-0.dll
0x000007fef3f70000 - 0x000007fef3f74000 	C:\Users\Admin\source\repos\The Great Escape\javafx-sdk-20.0.1\bin\api-ms-win-core-file-l1-1-0.dll
0x000007fef3f80000 - 0x000007fef3f83000 	C:\Users\Admin\source\repos\The Great Escape\javafx-sdk-20.0.1\bin\api-ms-win-core-file-l1-2-0.dll
0x000007fef19a0000 - 0x000007fef19a3000 	C:\Users\Admin\source\repos\The Great Escape\javafx-sdk-20.0.1\bin\api-ms-win-core-file-l2-1-0.dll
0x000007fef3f60000 - 0x000007fef3f63000 	C:\Users\Admin\source\repos\The Great Escape\javafx-sdk-20.0.1\bin\api-ms-win-core-handle-l1-1-0.dll
0x000007feedf20000 - 0x000007feedf23000 	C:\Users\Admin\source\repos\The Great Escape\javafx-sdk-20.0.1\bin\api-ms-win-core-heap-l1-1-0.dll
0x000007fef1990000 - 0x000007fef1993000 	C:\Users\Admin\source\repos\The Great Escape\javafx-sdk-20.0.1\bin\api-ms-win-core-interlocked-l1-1-0.dll
0x000007feede60000 - 0x000007feede63000 	C:\Users\Admin\source\repos\The Great Escape\javafx-sdk-20.0.1\bin\api-ms-win-core-libraryloader-l1-1-0.dll
0x000007feede70000 - 0x000007feede73000 	C:\Users\Admin\source\repos\The Great Escape\javafx-sdk-20.0.1\bin\api-ms-win-core-localization-l1-2-0.dll
0x000007feed670000 - 0x000007feed673000 	C:\Users\Admin\source\repos\The Great Escape\javafx-sdk-20.0.1\bin\api-ms-win-core-memory-l1-1-0.dll
0x000007feed680000 - 0x000007feed683000 	C:\Users\Admin\source\repos\The Great Escape\javafx-sdk-20.0.1\bin\api-ms-win-core-namedpipe-l1-1-0.dll
0x000007feed290000 - 0x000007feed293000 	C:\Users\Admin\source\repos\The Great Escape\javafx-sdk-20.0.1\bin\api-ms-win-core-processenvironment-l1-1-0.dll
0x000007feed660000 - 0x000007feed663000 	C:\Users\Admin\source\repos\The Great Escape\javafx-sdk-20.0.1\bin\api-ms-win-core-processthreads-l1-1-0.dll
0x000007feed0d0000 - 0x000007feed0d3000 	C:\Users\Admin\source\repos\The Great Escape\javafx-sdk-20.0.1\bin\api-ms-win-core-processthreads-l1-1-1.dll
0x000007feed150000 - 0x000007feed153000 	C:\Users\Admin\source\repos\The Great Escape\javafx-sdk-20.0.1\bin\api-ms-win-core-profile-l1-1-0.dll
0x000007feecbe0000 - 0x000007feecbe3000 	C:\Users\Admin\source\repos\The Great Escape\javafx-sdk-20.0.1\bin\api-ms-win-core-rtlsupport-l1-1-0.dll
0x000007feecbf0000 - 0x000007feecbf3000 	C:\Users\Admin\source\repos\The Great Escape\javafx-sdk-20.0.1\bin\api-ms-win-core-string-l1-1-0.dll
0x000007feecb60000 - 0x000007feecb63000 	C:\Users\Admin\source\repos\The Great Escape\javafx-sdk-20.0.1\bin\api-ms-win-core-synch-l1-1-0.dll
0x000007feecbd0000 - 0x000007feecbd3000 	C:\Users\Admin\source\repos\The Great Escape\javafx-sdk-20.0.1\bin\api-ms-win-core-synch-l1-2-0.dll
0x000007feec570000 - 0x000007feec573000 	C:\Users\Admin\source\repos\The Great Escape\javafx-sdk-20.0.1\bin\api-ms-win-core-sysinfo-l1-1-0.dll
0x000007feecb50000 - 0x000007feecb53000 	C:\Users\Admin\source\repos\The Great Escape\javafx-sdk-20.0.1\bin\api-ms-win-core-timezone-l1-1-0.dll
0x000007feec550000 - 0x000007feec553000 	C:\Users\Admin\source\repos\The Great Escape\javafx-sdk-20.0.1\bin\api-ms-win-core-util-l1-1-0.dll
0x000007feec560000 - 0x000007feec563000 	C:\Users\Admin\source\repos\The Great Escape\javafx-sdk-20.0.1\bin\api-ms-win-crt-conio-l1-1-0.dll
0x000007feec530000 - 0x000007feec534000 	C:\Users\Admin\source\repos\The Great Escape\javafx-sdk-20.0.1\bin\api-ms-win-crt-convert-l1-1-0.dll
0x000007feec540000 - 0x000007feec543000 	C:\Users\Admin\source\repos\The Great Escape\javafx-sdk-20.0.1\bin\api-ms-win-crt-environment-l1-1-0.dll
0x000007feec2c0000 - 0x000007feec2c3000 	C:\Users\Admin\source\repos\The Great Escape\javafx-sdk-20.0.1\bin\api-ms-win-crt-filesystem-l1-1-0.dll
0x000007feec2d0000 - 0x000007feec2d3000 	C:\Users\Admin\source\repos\The Great Escape\javafx-sdk-20.0.1\bin\api-ms-win-crt-heap-l1-1-0.dll
0x000007feec270000 - 0x000007feec273000 	C:\Users\Admin\source\repos\The Great Escape\javafx-sdk-20.0.1\bin\api-ms-win-crt-locale-l1-1-0.dll
0x000007feec2b0000 - 0x000007feec2b5000 	C:\Users\Admin\source\repos\The Great Escape\javafx-sdk-20.0.1\bin\api-ms-win-crt-math-l1-1-0.dll
0x000007fee7da0000 - 0x000007fee7da5000 	C:\Users\Admin\source\repos\The Great Escape\javafx-sdk-20.0.1\bin\api-ms-win-crt-multibyte-l1-1-0.dll
0x000007feec090000 - 0x000007feec0a0000 	C:\Users\Admin\source\repos\The Great Escape\javafx-sdk-20.0.1\bin\api-ms-win-crt-private-l1-1-0.dll
0x000007fee7d80000 - 0x000007fee7d83000 	C:\Users\Admin\source\repos\The Great Escape\javafx-sdk-20.0.1\bin\api-ms-win-crt-process-l1-1-0.dll
0x000007fee7d90000 - 0x000007fee7d94000 	C:\Users\Admin\source\repos\The Great Escape\javafx-sdk-20.0.1\bin\api-ms-win-crt-runtime-l1-1-0.dll
0x000007fee7d60000 - 0x000007fee7d64000 	C:\Users\Admin\source\repos\The Great Escape\javafx-sdk-20.0.1\bin\api-ms-win-crt-stdio-l1-1-0.dll
0x000007fee7d70000 - 0x000007fee7d74000 	C:\Users\Admin\source\repos\The Great Escape\javafx-sdk-20.0.1\bin\api-ms-win-crt-string-l1-1-0.dll
0x000007fee76a0000 - 0x000007fee76a3000 	C:\Users\Admin\source\repos\The Great Escape\javafx-sdk-20.0.1\bin\api-ms-win-crt-time-l1-1-0.dll
0x000007fee7690000 - 0x000007fee7693000 	C:\Users\Admin\source\repos\The Great Escape\javafx-sdk-20.0.1\bin\api-ms-win-crt-utility-l1-1-0.dll
0x000007fed5c70000 - 0x000007fed5d6c000 	C:\Users\Admin\source\repos\The Great Escape\javafx-sdk-20.0.1\bin\ucrtbase.dll
0x000007fee7670000 - 0x000007fee768b000 	C:\Users\Admin\source\repos\The Great Escape\javafx-sdk-20.0.1\bin\vcruntime140.dll
0x000007fee7660000 - 0x000007fee766c000 	C:\Users\Admin\source\repos\The Great Escape\javafx-sdk-20.0.1\bin\vcruntime140_1.dll
0x000007fed8750000 - 0x000007fed87de000 	C:\Users\Admin\source\repos\The Great Escape\javafx-sdk-20.0.1\bin\msvcp140.dll
0x000007fee7650000 - 0x000007fee7659000 	C:\Users\Admin\source\repos\The Great Escape\javafx-sdk-20.0.1\bin\msvcp140_1.dll
0x000007fee6ec0000 - 0x000007fee6ef0000 	C:\Users\Admin\source\repos\The Great Escape\javafx-sdk-20.0.1\bin\msvcp140_2.dll
0x000007fee7630000 - 0x000007fee7642000 	C:\Users\Admin\source\repos\The Great Escape\javafx-sdk-20.0.1\bin\prism_sw.dll
0x000007fee6c60000 - 0x000007fee6ca2000 	C:\Users\Admin\source\repos\The Great Escape\javafx-sdk-20.0.1\bin\glass.dll
0x000007fefdae0000 - 0x000007fefdb77000 	C:\Windows\system32\COMDLG32.dll
0x000007fefe570000 - 0x000007fefe64b000 	C:\Windows\system32\OLEAUT32.dll
0x000007fefb9b0000 - 0x000007fefba06000 	C:\Windows\system32\uxtheme.dll
0x000007fefc090000 - 0x000007fefc0a8000 	C:\Windows\system32\dwmapi.dll
0x000007fefcec0000 - 0x000007fefcecf000 	C:\Windows\system32\CRYPTBASE.dll
0x000007fee6d40000 - 0x000007fee6d54000 	C:\Users\Admin\source\repos\The Great Escape\javafx-sdk-20.0.1\bin\javafx_font.dll
0x000007feeaa10000 - 0x000007feeaba8000 	C:\Windows\system32\dwrite.dll
0x000007fee6a10000 - 0x000007fee6a3d000 	C:\Users\Admin\source\repos\The Great Escape\javafx-sdk-20.0.1\bin\javafx_iio.dll
0x000007fefd440000 - 0x000007fefd4d9000 	C:\Windows\system32\CLBCatQ.DLL
0x000007fefb3f0000 - 0x000007fefb551000 	C:\Windows\system32\WindowsCodecs.dll
0x000007fefce60000 - 0x000007fefceb7000 	C:\Windows\system32\apphelp.dll
0x000007feef7d0000 - 0x000007fef0cff000 	C:\Program Files\Google\Drive File Stream\68.0.2.0\drivefsext.dll
0x000007feef2d0000 - 0x000007feef694000 	C:\Windows\system32\d2d1.dll
0x000007fefd530000 - 0x000007fefd9dc000 	C:\Windows\system32\WININET.dll
0x000007fefd0a0000 - 0x000007fefd0a4000 	C:\Windows\system32\api-ms-win-downlevel-user32-l1-1-0.dll
0x000007fefd050000 - 0x000007fefd054000 	C:\Windows\system32\api-ms-win-downlevel-shlwapi-l1-1-0.dll
0x000007fefd220000 - 0x000007fefd224000 	C:\Windows\system32\api-ms-win-downlevel-version-l1-1-0.dll

dbghelp: loaded successfully - version: 4.0.5 - missing functions: none
symbol engine: initialized successfully - sym options: 0x614 - pdb path: .;C:\Users\Admin\.p2\pool\plugins\org.eclipse.justj.openjdk.hotspot.jre.full.win32.x86_64_17.0.5.v20221102-0933\jre\bin;C:\Windows\SYSTEM32;C:\Program Files\Avast Software\Avast;C:\Windows\WinSxS\amd64_microsoft.windows.common-controls_6595b64144ccf1df_6.0.7601.24483_none_e372d88f30fbb845;C:\Users\Admin\.p2\pool\plugins\org.eclipse.justj.openjdk.hotspot.jre.full.win32.x86_64_17.0.5.v20221102-0933\jre\bin\server;C:\Users\Admin\source\repos\The Great Escape\javafx-sdk-20.0.1\bin;C:\Program Files\Google\Drive File Stream\68.0.2.0;C:\Windows\WinSxS\amd64_microsoft.windows.gdiplus_6595b64144ccf1df_1.1.7601.24542_none_1459e0f08b91b367;C:\Program Files\Google\Drive;C:\Windows\WinSxS\amd64_microsoft.vc90.crt_1fc8b3b9a1e18e3b_9.0.30729.6161_none_08e61857a83bc251;C:\Program Files\Common Files\Microsoft Shared\Ink

VM Arguments:
jvm_args: --module-path=C:\Users\Admin\source\repos\The Great Escape\javafx-sdk-20.0.1\lib --add-modules=javafx.controls,javafx.fxml -Dprism.order=sw -Dfile.encoding=UTF-8 -XX:+ShowCodeDetailsInExceptionMessages 
java_command: Main
java_class_path (initial): C:\Users\Admin\source\repos\The Great Escape\java\Labyrinth\bin;C:\Users\Admin\source\repos\The Great Escape\javafx-sdk-20.0.1\lib\javafx.base.jar;C:\Users\Admin\source\repos\The Great Escape\javafx-sdk-20.0.1\lib\javafx.controls.jar;C:\Users\Admin\source\repos\The Great Escape\javafx-sdk-20.0.1\lib\javafx.fxml.jar;C:\Users\Admin\source\repos\The Great Escape\javafx-sdk-20.0.1\lib\javafx.graphics.jar;C:\Users\Admin\source\repos\The Great Escape\javafx-sdk-20.0.1\lib\javafx.media.jar;C:\Users\Admin\source\repos\The Great Escape\javafx-sdk-20.0.1\lib\javafx.swing.jar;C:\Users\Admin\source\repos\The Great Escape\javafx-sdk-20.0.1\lib\javafx.web.jar;C:\Users\Admin\source\repos\The Great Escape\javafx-sdk-20.0.1\lib\javafx-swt.jar
Launcher Type: SUN_STANDARD

[Global flags]
     intx CICompilerCount                          = 3                                         {product} {ergonomic}
     uint ConcGCThreads                            = 1                                         {product} {ergonomic}
     uint G1ConcRefinementThreads                  = 4                                         {product} {ergonomic}
   size_t G1HeapRegionSize                         = 2097152                                   {product} {ergonomic}
    uintx GCDrainStackTargetSize                   = 64                                        {product} {ergonomic}
   size_t InitialHeapSize                          = 201326592                                 {product} {ergonomic}
   size_t MarkStackSize                            = 4194304                                   {product} {ergonomic}
   size_t MaxHeapSize                              = 3210739712                                {product} {ergonomic}
   size_t MaxNewSize                               = 1925185536                                {product} {ergonomic}
   size_t MinHeapDeltaBytes                        = 2097152                                   {product} {ergonomic}
   size_t MinHeapSize                              = 8388608                                   {product} {ergonomic}
    uintx NonNMethodCodeHeapSize                   = 5832780                                {pd product} {ergonomic}
    uintx NonProfiledCodeHeapSize                  = 122912730                              {pd product} {ergonomic}
    uintx ProfiledCodeHeapSize                     = 122912730                              {pd product} {ergonomic}
    uintx ReservedCodeCacheSize                    = 251658240                              {pd product} {ergonomic}
     bool SegmentedCodeCache                       = true                                      {product} {ergonomic}
     bool ShowCodeDetailsInExceptionMessages       = true                                   {manageable} {command line}
   size_t SoftMaxHeapSize                          = 3210739712                             {manageable} {ergonomic}
     bool UseCompressedClassPointers               = true                           {product lp64_product} {ergonomic}
     bool UseCompressedOops                        = true                           {product lp64_product} {ergonomic}
     bool UseG1GC                                  = true                                      {product} {ergonomic}
     bool UseLargePagesIndividualAllocation        = false                                  {pd product} {ergonomic}

Logging:
Log output configuration:
 #0: stdout all=warning uptime,level,tags
 #1: stderr all=off uptime,level,tags

Environment Variables:
JAVA_HOME=C:\Program Files\Android\Jdk\microsoft_dist_openjdk_1.8.0.25
PATH=C:/Users/Admin/.p2/pool/plugins/org.eclipse.justj.openjdk.hotspot.jre.full.win32.x86_64_17.0.5.v20221102-0933/jre/bin/server;C:/Users/Admin/.p2/pool/plugins/org.eclipse.justj.openjdk.hotspot.jre.full.win32.x86_64_17.0.5.v20221102-0933/jre/bin;C:\Program Files\Eclipse Foundation\jdk-8.0.302.8-hotspot\bin;C:\Program Files (x86)\AMD APP\bin\x86_64;C:\Program Files (x86)\AMD APP\bin\x86;C:\Program Files (x86)\Common Files\Oracle\Java\javapath;C:\Program Files (x86)\NVIDIA Corporation\PhysX\Common;C:\ProgramData\Oracle\Java\javapath;C:\Program Files\Common Files\Microsoft Shared\Windows Live;C:\Program Files (x86)\Intel\iCLS Client\;C:\Program Files\Intel\iCLS Client\;C:\Windows\system32;C:\Windows;C:\Windows\System32\Wbem;C:\Windows\System32\WindowsPowerShell\v1.0\;C:\Program Files\Intel\Intel(R) Management Engine Components\DAL;C:\Program Files\Intel\Intel(R) Management Engine Components\IPT;C:\Program Files (x86)\Intel\Intel(R) Management Engine Components\DAL;C:\Program Files (x86)\Intel\Intel(R) Management Engine Components\IPT;C:\Program Files (x86)\ATI Technologies\ATI.ACE\Core-Static;C:\Program Files (x86)\QT Lite\QTSystem;C:\Program Files (x86)\Universal Extractor;C:\Program Files (x86)\Universal Extractor\bin;C:\Program Files\Common Files\Autodesk Shared\;C:\Program Files (x86)\Autodesk\Backburner\;C:\Program Files\dotnet\;C:\Users\Admin\source\assembly\ghidra\jdk-11.0.7+10\bin; C:\Users\Admin\source\assembly\NASM\nasm-2.15.02rc2;C:\Users\Admin\source\Networking C++\Connection_Tools\;C:\Program Files (x86)\dotnet\;C:\Users\Admin\source\sdl2\mingw64\bin;C:\Program Files\Microsoft SQL Server\130\Tools\Binn\;C:\Program Files\Microsoft SQL Server\120\Tools\Binn\;C:\Program Files\Git\cmd;C:\Program Files\MySQL\MySQL Shell 8.0\bin\;C:\Program Files\Common Files\Microsoft Shared\Windows Live;C:\Users\Admin\.dotnet\tools;C:\Users\Admin\source\Πανεπιστήμιο\Προγραμματισμος\Java\OOP\eclipse;
USERNAME=Admin
OS=Windows_NT
PROCESSOR_IDENTIFIER=Intel64 Family 6 Model 58 Stepping 9, GenuineIntel
TMP=C:\Users\Admin\AppData\Local\Temp
TEMP=C:\Users\Admin\AppData\Local\Temp



---------------  S Y S T E M  ---------------

OS:
 Windows 7 , 64 bit Build 7601 (6.1.7601.24545)
OS uptime: 0 days 3:24 hours

CPU: total 4 (initial active 4) (2 cores per cpu, 2 threads per core) family 6 model 58 stepping 9 microcode 0x0, cx8, cmov, fxsr, ht, mmx, sse, sse2, sse3, ssse3, sse4.1, sse4.2, popcnt, tsc, tscinvbit, avx, erms, clmul, vzeroupper, clflush

Memory: 4k page, system-wide physical 12247M (5023M free)
TotalPageFile size 24492M (AvailPageFile size 13472M)
current process WorkingSet (physical memory assigned to process): 147M, peak: 155M
current process commit charge ("private bytes"): 226M, peak: 325M

vm_info: OpenJDK 64-Bit Server VM (17.0.5+8) for windows-amd64 JRE (17.0.5+8), built on Oct 19 2022 04:48:13 by "temurin" with MS VC++ 16.7 (VS2019)

END.
